<?xml version="1.0" encoding="UTF-8"?>
<!-- Generated by org.testng.reporters.JUnitXMLReporter -->
<testsuite ignored="1" hostname="Pratiksha" failures="0" tests="2" name="Default test" time="17.954" errors="0" timestamp="2022-12-07T16:23:38 IST">
  <testcase classname="Demotng.demotestng" name="login" time="3.392"/>
  <testcase classname="Demotng.demotestng" name="logout" time="5.14"/>
  <testcase classname="Demotng.demotestng" name="Admin" time="0.0">
    <ignored/>
  </testcase> <!-- Admin -->
</testsuite> <!-- Default test -->
