<?xml version="1.0" encoding="UTF-8"?>
<testng-results ignored="0" total="1" passed="1" failed="0" skipped="0">
  <reporter-output>
  </reporter-output>
  <suite started-at="2022-12-09T15:41:58 IST" name="Default suite" finished-at="2022-12-09T15:42:02 IST" duration-ms="3387">
    <groups>
    </groups>
    <test started-at="2022-12-09T15:41:58 IST" name="Default test" finished-at="2022-12-09T15:42:02 IST" duration-ms="3387">
      <class name="Mouse1.Mousehover">
        <test-method is-config="true" signature="beforeTest()[pri:0, instance:Mouse1.Mousehover@59309333]" started-at="2022-12-09T15:41:58 IST" name="beforeTest" finished-at="2022-12-09T15:42:02 IST" duration-ms="3345" status="PASS">
          <reporter-output>
          </reporter-output>
        </test-method> <!-- beforeTest -->
        <test-method signature="f()[pri:0, instance:Mouse1.Mousehover@59309333]" started-at="2022-12-09T15:42:02 IST" name="f" finished-at="2022-12-09T15:42:02 IST" duration-ms="6" status="PASS">
          <reporter-output>
          </reporter-output>
        </test-method> <!-- f -->
        <test-method is-config="true" signature="afterTest()[pri:0, instance:Mouse1.Mousehover@59309333]" started-at="2022-12-09T15:42:02 IST" name="afterTest" finished-at="2022-12-09T15:42:02 IST" duration-ms="1" status="PASS">
          <reporter-output>
          </reporter-output>
        </test-method> <!-- afterTest -->
      </class> <!-- Mouse1.Mousehover -->
    </test> <!-- Default test -->
  </suite> <!-- Default suite -->
</testng-results>
