<?xml version="1.0" encoding="UTF-8"?>
<!-- Generated by org.testng.reporters.JUnitXMLReporter -->
<testsuite ignored="0" hostname="Pratiksha" failures="0" tests="2" name="Test1" time="0.058" errors="0" timestamp="2022-12-14T11:18:03 IST">
  <testcase classname="Project_Mav.ParalellTest" name="@BeforeTest beforeTest" time="-1.670996883322E9">
    <failure type="org.testng.TestNGException" message="
Can inject only one of &amp;lt;ITestContext, XmlTest&amp;gt; into a @BeforeTest annotated beforeTest.
For more information on native dependency injection please refer to http://testng.org/doc/documentation-main.html#native-dependency-injection">
      <![CDATA[org.testng.TestNGException: 
Can inject only one of <ITestContext, XmlTest> into a @BeforeTest annotated beforeTest.
For more information on native dependency injection please refer to http://testng.org/doc/documentation-main.html#native-dependency-injection
at java.base/java.util.concurrent.FutureTask.run(FutureTask.java:317)
at java.base/java.util.concurrent.ThreadPoolExecutor.runWorker(ThreadPoolExecutor.java:1144)
at java.base/java.util.concurrent.ThreadPoolExecutor$Worker.run(ThreadPoolExecutor.java:642)
at java.base/java.lang.Thread.run(Thread.java:1589)
... Removed 12 stack frames]]>
    </failure>
  </testcase> <!-- @BeforeTest beforeTest -->
  <testcase classname="Project_Mav.ParalellTest" name="@AfterTest afterTest" time="-1.670996883371E9">
    <skipped/>
  </testcase> <!-- @AfterTest afterTest -->
  <testcase classname="Project_Mav.ParalellTest" name="OrangeHRM" time="0.0">
    <skipped/>
  </testcase> <!-- OrangeHRM -->
  <testcase classname="Project_Mav.ParalellTest" name="OrangeHRM" time="0.0">
    <skipped/>
  </testcase> <!-- OrangeHRM -->
</testsuite> <!-- Test1 -->
