<?xml version="1.0" encoding="UTF-8"?>
<!-- Generated by org.testng.reporters.JUnitXMLReporter -->
<testsuite ignored="1" hostname="Pratiksha" failures="0" tests="2" name="Test" time="0.051" errors="0" timestamp="2022-12-14T12:53:08 IST">
  <testcase classname="Project_Mav.Groups" name="testcase1" time="0.012"/>
  <testcase classname="Project_Mav.Groups" name="testcase3" time="0.002"/>
  <testcase classname="Project_Mav.Groups" name="testcase2" time="0.0">
    <ignored/>
  </testcase> <!-- testcase2 -->
</testsuite> <!-- Test -->
