<?xml version="1.0" encoding="UTF-8"?>
<testng-results ignored="1" total="3" passed="2" failed="0" skipped="0">
  <reporter-output>
  </reporter-output>
  <suite started-at="2022-12-07T16:23:20 IST" name="Default suite" finished-at="2022-12-07T16:23:38 IST" duration-ms="17954">
    <groups>
    </groups>
    <test started-at="2022-12-07T16:23:20 IST" name="Default test" finished-at="2022-12-07T16:23:38 IST" duration-ms="17954">
      <class name="Demotng.demotestng">
        <test-method is-config="true" signature="beforeTest()[pri:0, instance:Demotng.demotestng@5b239d7d]" started-at="2022-12-07T16:23:20 IST" name="beforeTest" finished-at="2022-12-07T16:23:29 IST" duration-ms="9123" status="PASS">
          <reporter-output>
          </reporter-output>
        </test-method> <!-- beforeTest -->
        <test-method signature="login()[pri:0, instance:Demotng.demotestng@5b239d7d]" started-at="2022-12-07T16:23:29 IST" name="login" finished-at="2022-12-07T16:23:33 IST" duration-ms="3392" status="PASS">
          <reporter-output>
          </reporter-output>
        </test-method> <!-- login -->
        <test-method signature="logout()[pri:1, instance:Demotng.demotestng@5b239d7d]" started-at="2022-12-07T16:23:33 IST" name="logout" finished-at="2022-12-07T16:23:38 IST" duration-ms="5140" status="PASS">
          <reporter-output>
          </reporter-output>
        </test-method> <!-- logout -->
        <test-method is-config="true" signature="afterTest()[pri:0, instance:Demotng.demotestng@5b239d7d]" started-at="2022-12-07T16:23:38 IST" name="afterTest" finished-at="2022-12-07T16:23:38 IST" duration-ms="207" status="PASS">
          <reporter-output>
          </reporter-output>
        </test-method> <!-- afterTest -->
      </class> <!-- Demotng.demotestng -->
    </test> <!-- Default test -->
  </suite> <!-- Default suite -->
</testng-results>
